<?xml version="1.0" encoding="UTF-8"?>
<!-- Generated by org.testng.reporters.JUnitXMLReporter -->
<testsuite ignored="0" hostname="SadarMalik786" failures="0" tests="7" name="LoginTests" time="58.159" errors="0" timestamp="2025-09-25T01:36:33 PKT">
  <testcase classname="com.automation.tests.LoginTest" name="validLoginTest" time="1.25"/>
  <testcase classname="com.automation.tests.LoginTest" name="invalidLoginTest" time="1.084"/>
  <testcase classname="com.automation.tests.LoginTest" name="emptyUsernameTest" time="2.668"/>
  <testcase classname="com.automation.tests.EndtoEnd" name="completeUserJourneyTest" time="1.554"/>
  <testcase classname="com.automation.tests.CheckoutTest" name="successfulCheckoutTest" time="5.247"/>
  <testcase classname="com.automation.tests.CheckoutTest" name="checkoutWithMissingInformationTest" time="3.58"/>
  <testcase classname="com.automation.tests.CheckoutTest" name="checkoutPriceVerificationTest" time="3.228"/>
</testsuite> <!-- LoginTests -->
