<?xml version="1.0" encoding="UTF-8"?>
<!-- Generated by org.testng.reporters.JUnitXMLReporter -->
<testsuite ignored="0" hostname="SadarMalik786" failures="0" tests="3" name="Default test" time="47.537" errors="0" timestamp="2025-09-24T01:07:06 PKT">
  <testcase classname="com.automation.tests.LoginTest" name="validLoginTest" time="2.79"/>
  <testcase classname="com.automation.tests.LoginTest" name="invalidLoginTest" time="2.891"/>
  <testcase classname="com.automation.tests.LoginTest" name="emptyUsernameTest" time="5.025"/>
</testsuite> <!-- Default test -->
